Build started 7/31/2022 4:42:31 PM.
Logging verbosity is set to: Normal.     1>Project "D:\git\repos\carmel_siryn\carmel_siryn\controlProtocol\controlProtocol_lib\controlProtocol_lib.vcxproj" on node 2 (Build target(s)).
     1>InitializeBuildStatus:
         Creating "Debug\controlP.11f5bec0.tlog\unsuccessfulbuild" because "AlwaysCreate" was specified.
       ClCompile:
         D:\Program Files\Microsoft Visual Studio\2022\Community\VC\Tools\MSVC\14.32.31326\bin\HostX86\x86\CL.exe /c /I"..\,..\..\.." /ZI /JMC /nologo /W3 /WX- /diagnostics:column /sdl /Od /Oy- /D _CRT_SECURE_NO_WARNINGS /D WIN32 /D _DEBUG /D CONTROLPROTOCOLLIB_EXPORTS /D _WINDOWS /D _USRDLL /D _WINDLL /D _UNICODE /D UNICODE /Gm- /EHsc /RTC1 /MDd /GS /fp:precise /Zc:wchar_t /Zc:forScope /Zc:inline /permissive- /Yc"pch.h" /Fp"Debug\controlProtocol_lib.pch" /Fo"Debug\\" /Fd"Debug\vc143.pdb" /external:W3 /Gd /TP /analyze- /FC /errorReport:prompt pch.cpp
         pch.cpp
         D:\Program Files\Microsoft Visual Studio\2022\Community\VC\Tools\MSVC\14.32.31326\bin\HostX86\x86\CL.exe /c /I"..\,..\..\.." /ZI /JMC /nologo /W3 /WX- /diagnostics:column /sdl /Od /Oy- /D _CRT_SECURE_NO_WARNINGS /D WIN32 /D _DEBUG /D CONTROLPROTOCOLLIB_EXPORTS /D _WINDOWS /D _USRDLL /D _WINDLL /D _UNICODE /D UNICODE /Gm- /EHsc /RTC1 /MDd /GS /fp:precise /Zc:wchar_t /Zc:forScope /Zc:inline /permissive- /Yu"pch.h" /Fp"Debug\controlProtocol_lib.pch" /Fo"Debug\\" /Fd"Debug\vc143.pdb" /external:W3 /Gd /TP /analyze- /FC /errorReport:prompt ..\controlProtocol.cpp ..\controlProtocol_lib.cpp dllmain.cpp
         controlProtocol.cpp
     1>D:\git\repos\carmel_siryn\carmel_siryn\controlProtocol\controlProtocol.cpp(169,32): warning C4805: '==': unsafe mix of type 'bool' and type 'BOOL' in operation
     1>D:\git\repos\carmel_siryn\carmel_siryn\controlProtocol\controlProtocol.cpp(3317,35): warning C4244: '=': conversion from 'uint16_t' to 'uint8_t', possible loss of data
     1>D:\git\repos\carmel_siryn\carmel_siryn\controlProtocol\controlProtocol.cpp(3343,35): warning C4244: '=': conversion from 'uint16_t' to 'uint8_t', possible loss of data
     1>D:\git\repos\carmel_siryn\carmel_siryn\controlProtocol\controlProtocol.cpp(3383,35): warning C4244: '=': conversion from 'uint16_t' to 'uint8_t', possible loss of data
     1>D:\git\repos\carmel_siryn\carmel_siryn\controlProtocol\controlProtocol.cpp(3409,35): warning C4244: '=': conversion from 'uint16_t' to 'uint8_t', possible loss of data
     1>D:\git\repos\carmel_siryn\carmel_siryn\controlProtocol\controlProtocol.cpp(3448,35): warning C4244: '=': conversion from 'uint16_t' to 'uint8_t', possible loss of data
     1>D:\git\repos\carmel_siryn\carmel_siryn\controlProtocol\controlProtocol.cpp(3474,35): warning C4244: '=': conversion from 'uint16_t' to 'uint8_t', possible loss of data
     1>D:\git\repos\carmel_siryn\carmel_siryn\controlProtocol\controlProtocol.cpp(3517,35): warning C4244: '=': conversion from 'uint16_t' to 'uint8_t', possible loss of data
     1>D:\git\repos\carmel_siryn\carmel_siryn\controlProtocol\controlProtocol.cpp(3544,35): warning C4244: '=': conversion from 'uint16_t' to 'uint8_t', possible loss of data
     1>D:\git\repos\carmel_siryn\carmel_siryn\controlProtocol\controlProtocol.cpp(3588,35): warning C4244: '=': conversion from 'uint16_t' to 'uint8_t', possible loss of data
     1>D:\git\repos\carmel_siryn\carmel_siryn\controlProtocol\controlProtocol.cpp(3614,35): warning C4244: '=': conversion from 'uint16_t' to 'uint8_t', possible loss of data
     1>D:\git\repos\carmel_siryn\carmel_siryn\controlProtocol\controlProtocol.cpp(3650,35): warning C4244: '=': conversion from 'uint16_t' to 'uint8_t', possible loss of data
     1>D:\git\repos\carmel_siryn\carmel_siryn\controlProtocol\controlProtocol.cpp(3689,35): warning C4244: '=': conversion from 'uint16_t' to 'uint8_t', possible loss of data
     1>D:\git\repos\carmel_siryn\carmel_siryn\controlProtocol\controlProtocol.cpp(3740,35): warning C4244: '=': conversion from 'uint16_t' to 'uint8_t', possible loss of data
     1>D:\git\repos\carmel_siryn\carmel_siryn\controlProtocol\controlProtocol.cpp(3769,35): warning C4244: '=': conversion from 'uint16_t' to 'uint8_t', possible loss of data
     1>D:\git\repos\carmel_siryn\carmel_siryn\controlProtocol\controlProtocol.cpp(3809,35): warning C4244: '=': conversion from 'uint16_t' to 'uint8_t', possible loss of data
     1>D:\git\repos\carmel_siryn\carmel_siryn\controlProtocol\controlProtocol.cpp(3839,35): warning C4244: '=': conversion from 'uint16_t' to 'uint8_t', possible loss of data
     1>D:\git\repos\carmel_siryn\carmel_siryn\controlProtocol\controlProtocol.cpp(3875,35): warning C4244: '=': conversion from 'uint16_t' to 'uint8_t', possible loss of data
     1>D:\git\repos\carmel_siryn\carmel_siryn\controlProtocol\controlProtocol.cpp(3914,35): warning C4244: '=': conversion from 'uint16_t' to 'uint8_t', possible loss of data
     1>D:\git\repos\carmel_siryn\carmel_siryn\controlProtocol\controlProtocol.cpp(3952,35): warning C4244: '=': conversion from 'uint16_t' to 'uint8_t', possible loss of data
     1>D:\git\repos\carmel_siryn\carmel_siryn\controlProtocol\controlProtocol.cpp(3980,35): warning C4244: '=': conversion from 'uint16_t' to 'uint8_t', possible loss of data
     1>D:\git\repos\carmel_siryn\carmel_siryn\controlProtocol\controlProtocol.cpp(4044,35): warning C4244: '=': conversion from 'uint16_t' to 'uint8_t', possible loss of data
     1>D:\git\repos\carmel_siryn\carmel_siryn\controlProtocol\controlProtocol.cpp(4072,35): warning C4244: '=': conversion from 'uint16_t' to 'uint8_t', possible loss of data
     1>D:\git\repos\carmel_siryn\carmel_siryn\controlProtocol\controlProtocol.cpp(4136,35): warning C4244: '=': conversion from 'uint16_t' to 'uint8_t', possible loss of data
     1>D:\git\repos\carmel_siryn\carmel_siryn\controlProtocol\controlProtocol.cpp(4165,35): warning C4244: '=': conversion from 'uint16_t' to 'uint8_t', possible loss of data
     1>D:\git\repos\carmel_siryn\carmel_siryn\controlProtocol\controlProtocol.cpp(4214,35): warning C4244: '=': conversion from 'uint16_t' to 'uint8_t', possible loss of data
     1>D:\git\repos\carmel_siryn\carmel_siryn\controlProtocol\controlProtocol.cpp(4240,35): warning C4244: '=': conversion from 'uint16_t' to 'uint8_t', possible loss of data
     1>D:\git\repos\carmel_siryn\carmel_siryn\controlProtocol\controlProtocol.cpp(4277,35): warning C4244: '=': conversion from 'uint16_t' to 'uint8_t', possible loss of data
     1>D:\git\repos\carmel_siryn\carmel_siryn\controlProtocol\controlProtocol.cpp(4303,35): warning C4244: '=': conversion from 'uint16_t' to 'uint8_t', possible loss of data
     1>D:\git\repos\carmel_siryn\carmel_siryn\controlProtocol\controlProtocol.cpp(4354,35): warning C4244: '=': conversion from 'uint16_t' to 'uint8_t', possible loss of data
     1>D:\git\repos\carmel_siryn\carmel_siryn\controlProtocol\controlProtocol.cpp(4380,35): warning C4244: '=': conversion from 'uint16_t' to 'uint8_t', possible loss of data
     1>D:\git\repos\carmel_siryn\carmel_siryn\controlProtocol\controlProtocol.cpp(4418,35): warning C4244: '=': conversion from 'uint16_t' to 'uint8_t', possible loss of data
     1>D:\git\repos\carmel_siryn\carmel_siryn\controlProtocol\controlProtocol.cpp(4445,35): warning C4244: '=': conversion from 'uint16_t' to 'uint8_t', possible loss of data
     1>D:\git\repos\carmel_siryn\carmel_siryn\controlProtocol\controlProtocol.cpp(4506,35): warning C4244: '=': conversion from 'uint16_t' to 'uint8_t', possible loss of data
     1>D:\git\repos\carmel_siryn\carmel_siryn\controlProtocol\controlProtocol.cpp(4532,35): warning C4244: '=': conversion from 'uint16_t' to 'uint8_t', possible loss of data
     1>D:\git\repos\carmel_siryn\carmel_siryn\controlProtocol\controlProtocol.cpp(4572,35): warning C4244: '=': conversion from 'uint16_t' to 'uint8_t', possible loss of data
     1>D:\git\repos\carmel_siryn\carmel_siryn\controlProtocol\controlProtocol.cpp(4598,35): warning C4244: '=': conversion from 'uint16_t' to 'uint8_t', possible loss of data
     1>D:\git\repos\carmel_siryn\carmel_siryn\controlProtocol\controlProtocol.cpp(4657,35): warning C4244: '=': conversion from 'uint16_t' to 'uint8_t', possible loss of data
     1>D:\git\repos\carmel_siryn\carmel_siryn\controlProtocol\controlProtocol.cpp(4685,35): warning C4244: '=': conversion from 'uint16_t' to 'uint8_t', possible loss of data
     1>D:\git\repos\carmel_siryn\carmel_siryn\controlProtocol\controlProtocol.cpp(4722,35): warning C4244: '=': conversion from 'uint16_t' to 'uint8_t', possible loss of data
     1>D:\git\repos\carmel_siryn\carmel_siryn\controlProtocol\controlProtocol.cpp(4748,35): warning C4244: '=': conversion from 'uint16_t' to 'uint8_t', possible loss of data
     1>D:\git\repos\carmel_siryn\carmel_siryn\controlProtocol\controlProtocol.cpp(4784,35): warning C4244: '=': conversion from 'uint16_t' to 'uint8_t', possible loss of data
     1>D:\git\repos\carmel_siryn\carmel_siryn\controlProtocol\controlProtocol.cpp(4822,35): warning C4244: '=': conversion from 'uint16_t' to 'uint8_t', possible loss of data
     1>D:\git\repos\carmel_siryn\carmel_siryn\controlProtocol\controlProtocol.cpp(4858,35): warning C4244: '=': conversion from 'uint16_t' to 'uint8_t', possible loss of data
     1>D:\git\repos\carmel_siryn\carmel_siryn\controlProtocol\controlProtocol.cpp(4884,35): warning C4244: '=': conversion from 'uint16_t' to 'uint8_t', possible loss of data
     1>D:\git\repos\carmel_siryn\carmel_siryn\controlProtocol\controlProtocol.cpp(4944,35): warning C4244: '=': conversion from 'uint16_t' to 'uint8_t', possible loss of data
     1>D:\git\repos\carmel_siryn\carmel_siryn\controlProtocol\controlProtocol.cpp(4970,35): warning C4244: '=': conversion from 'uint16_t' to 'uint8_t', possible loss of data
     1>D:\git\repos\carmel_siryn\carmel_siryn\controlProtocol\controlProtocol.cpp(5030,35): warning C4244: '=': conversion from 'uint16_t' to 'uint8_t', possible loss of data
     1>D:\git\repos\carmel_siryn\carmel_siryn\controlProtocol\controlProtocol.cpp(5058,35): warning C4244: '=': conversion from 'uint16_t' to 'uint8_t', possible loss of data
     1>D:\git\repos\carmel_siryn\carmel_siryn\controlProtocol\controlProtocol.cpp(5103,35): warning C4244: '=': conversion from 'uint16_t' to 'uint8_t', possible loss of data
     1>D:\git\repos\carmel_siryn\carmel_siryn\controlProtocol\controlProtocol.cpp(5141,35): warning C4244: '=': conversion from 'uint16_t' to 'uint8_t', possible loss of data
     1>D:\git\repos\carmel_siryn\carmel_siryn\controlProtocol\controlProtocol.cpp(5177,35): warning C4244: '=': conversion from 'uint16_t' to 'uint8_t', possible loss of data
     1>D:\git\repos\carmel_siryn\carmel_siryn\controlProtocol\controlProtocol.cpp(5203,35): warning C4244: '=': conversion from 'uint16_t' to 'uint8_t', possible loss of data
     1>D:\git\repos\carmel_siryn\carmel_siryn\controlProtocol\controlProtocol.cpp(5262,35): warning C4244: '=': conversion from 'uint16_t' to 'uint8_t', possible loss of data
     1>D:\git\repos\carmel_siryn\carmel_siryn\controlProtocol\controlProtocol.cpp(5300,35): warning C4244: '=': conversion from 'uint16_t' to 'uint8_t', possible loss of data
     1>D:\git\repos\carmel_siryn\carmel_siryn\controlProtocol\controlProtocol.cpp(5336,35): warning C4244: '=': conversion from 'uint16_t' to 'uint8_t', possible loss of data
     1>D:\git\repos\carmel_siryn\carmel_siryn\controlProtocol\controlProtocol.cpp(5362,35): warning C4244: '=': conversion from 'uint16_t' to 'uint8_t', possible loss of data
     1>D:\git\repos\carmel_siryn\carmel_siryn\controlProtocol\controlProtocol.cpp(5423,35): warning C4244: '=': conversion from 'uint16_t' to 'uint8_t', possible loss of data
         controlProtocol_lib.cpp
     1>D:\git\repos\carmel_siryn\carmel_siryn\controlProtocol\controlProtocol_lib.cpp(34,10): warning C4273: 'set_MyAddress': inconsistent dll linkage
       D:\git\repos\carmel_siryn\carmel_siryn\controlProtocol\controlProtocol_lib.h(70,41): message : see previous definition of 'set_MyAddress'
     1>D:\git\repos\carmel_siryn\carmel_siryn\controlProtocol\controlProtocol_lib.cpp(41,10): warning C4273: 'set_PeerAddress': inconsistent dll linkage
       D:\git\repos\carmel_siryn\carmel_siryn\controlProtocol\controlProtocol_lib.h(82,41): message : see previous definition of 'set_PeerAddress'
     1>D:\git\repos\carmel_siryn\carmel_siryn\controlProtocol\controlProtocol_lib.cpp(48,10): warning C4273: 'set_UsbPort': inconsistent dll linkage
       D:\git\repos\carmel_siryn\carmel_siryn\controlProtocol\controlProtocol_lib.h(98,41): message : see previous definition of 'set_UsbPort'
     1>D:\git\repos\carmel_siryn\carmel_siryn\controlProtocol\controlProtocol_lib.cpp(53,10): warning C4273: 'set_Speed': inconsistent dll linkage
       D:\git\repos\carmel_siryn\carmel_siryn\controlProtocol\controlProtocol_lib.h(110,41): message : see previous definition of 'set_Speed'
     1>D:\git\repos\carmel_siryn\carmel_siryn\controlProtocol\controlProtocol_lib.cpp(60,10): warning C4273: 'showConnParams': inconsistent dll linkage
       D:\git\repos\carmel_siryn\carmel_siryn\controlProtocol\controlProtocol_lib.h(119,41): message : see previous definition of 'showConnParams'
     1>D:\git\repos\carmel_siryn\carmel_siryn\controlProtocol\controlProtocol_lib.cpp(72,10): warning C4273: 'get_Status': inconsistent dll linkage
       D:\git\repos\carmel_siryn\carmel_siryn\controlProtocol\controlProtocol_lib.h(138,41): message : see previous definition of 'get_Status'
     1>D:\git\repos\carmel_siryn\carmel_siryn\controlProtocol\controlProtocol_lib.cpp(100,10): warning C4273: 'startUp': inconsistent dll linkage
       D:\git\repos\carmel_siryn\carmel_siryn\controlProtocol\controlProtocol_lib.h(147,41): message : see previous definition of 'startUp'
     1>D:\git\repos\carmel_siryn\carmel_siryn\controlProtocol\controlProtocol_lib.cpp(128,10): warning C4273: 'startUpAT': inconsistent dll linkage
       D:\git\repos\carmel_siryn\carmel_siryn\controlProtocol\controlProtocol_lib.h(156,41): message : see previous definition of 'startUpAT'
     1>D:\git\repos\carmel_siryn\carmel_siryn\controlProtocol\controlProtocol_lib.cpp(156,10): warning C4273: 'shutDown': inconsistent dll linkage
       D:\git\repos\carmel_siryn\carmel_siryn\controlProtocol\controlProtocol_lib.h(165,41): message : see previous definition of 'shutDown'
     1>D:\git\repos\carmel_siryn\carmel_siryn\controlProtocol\controlProtocol_lib.cpp(184,10): warning C4273: 'set_SVASIC': inconsistent dll linkage
       D:\git\repos\carmel_siryn\carmel_siryn\controlProtocol\controlProtocol_lib.h(174,41): message : see previous definition of 'set_SVASIC'
     1>D:\git\repos\carmel_siryn\carmel_siryn\controlProtocol\controlProtocol_lib.cpp(211,10): warning C4273: 'get_SVASIC': inconsistent dll linkage
       D:\git\repos\carmel_siryn\carmel_siryn\controlProtocol\controlProtocol_lib.h(183,41): message : see previous definition of 'get_SVASIC'
     1>D:\git\repos\carmel_siryn\carmel_siryn\controlProtocol\controlProtocol_lib.cpp(253,10): warning C4273: 'set_SVDDR': inconsistent dll linkage
       D:\git\repos\carmel_siryn\carmel_siryn\controlProtocol\controlProtocol_lib.h(192,41): message : see previous definition of 'set_SVDDR'
     1>D:\git\repos\carmel_siryn\carmel_siryn\controlProtocol\controlProtocol_lib.cpp(280,10): warning C4273: 'get_SVDDR': inconsistent dll linkage
       D:\git\repos\carmel_siryn\carmel_siryn\controlProtocol\controlProtocol_lib.h(201,41): message : see previous definition of 'get_SVDDR'
     1>D:\git\repos\carmel_siryn\carmel_siryn\controlProtocol\controlProtocol_lib.cpp(320,10): warning C4273: 'get_PVASIC': inconsistent dll linkage
       D:\git\repos\carmel_siryn\carmel_siryn\controlProtocol\controlProtocol_lib.h(210,41): message : see previous definition of 'get_PVASIC'
     1>D:\git\repos\carmel_siryn\carmel_siryn\controlProtocol\controlProtocol_lib.cpp(360,10): warning C4273: 'get_PVDDR': inconsistent dll linkage
       D:\git\repos\carmel_siryn\carmel_siryn\controlProtocol\controlProtocol_lib.h(219,41): message : see previous definition of 'get_PVDDR'
     1>D:\git\repos\carmel_siryn\carmel_siryn\controlProtocol\controlProtocol_lib.cpp(400,10): warning C4273: 'do_enableACUs': inconsistent dll linkage
       D:\git\repos\carmel_siryn\carmel_siryn\controlProtocol\controlProtocol_lib.h(230,41): message : see previous definition of 'do_enableACUs'
     1>D:\git\repos\carmel_siryn\carmel_siryn\controlProtocol\controlProtocol_lib.cpp(433,10): warning C4273: 'do_disableACUs': inconsistent dll linkage
       D:\git\repos\carmel_siryn\carmel_siryn\controlProtocol\controlProtocol_lib.h(241,41): message : see previous definition of 'do_disableACUs'
     1>D:\git\repos\carmel_siryn\carmel_siryn\controlProtocol\controlProtocol_lib.cpp(466,10): warning C4273: 'set_RTC': inconsistent dll linkage
       D:\git\repos\carmel_siryn\carmel_siryn\controlProtocol\controlProtocol_lib.h(250,41): message : see previous definition of 'set_RTC'
     1>D:\git\repos\carmel_siryn\carmel_siryn\controlProtocol\controlProtocol_lib.cpp(499,10): warning C4273: 'get_RTC': inconsistent dll linkage
       D:\git\repos\carmel_siryn\carmel_siryn\controlProtocol\controlProtocol_lib.h(259,41): message : see previous definition of 'get_RTC'
     1>D:\git\repos\carmel_siryn\carmel_siryn\controlProtocol\controlProtocol_lib.cpp(532,10): warning C4273: 'clr_EventLog': inconsistent dll linkage
       D:\git\repos\carmel_siryn\carmel_siryn\controlProtocol\controlProtocol_lib.h(268,41): message : see previous definition of 'clr_EventLog'
     1>D:\git\repos\carmel_siryn\carmel_siryn\controlProtocol\controlProtocol_lib.cpp(569,10): warning C4273: 'get_EventLog': inconsistent dll linkage
       D:\git\repos\carmel_siryn\carmel_siryn\controlProtocol\controlProtocol_lib.h(277,41): message : see previous definition of 'get_EventLog'
     1>D:\git\repos\carmel_siryn\carmel_siryn\controlProtocol\controlProtocol_lib.cpp(780,10): warning C4273: 'set_H20AlarmASIC': inconsistent dll linkage
       D:\git\repos\carmel_siryn\carmel_siryn\controlProtocol\controlProtocol_lib.h(289,41): message : see previous definition of 'set_H20AlarmASIC'
     1>D:\git\repos\carmel_siryn\carmel_siryn\controlProtocol\controlProtocol_lib.cpp(813,10): warning C4273: 'get_H20AlarmASIC': inconsistent dll linkage
       D:\git\repos\carmel_siryn\carmel_siryn\controlProtocol\controlProtocol_lib.h(299,41): message : see previous definition of 'get_H20AlarmASIC'
     1>D:\git\repos\carmel_siryn\carmel_siryn\controlProtocol\controlProtocol_lib.cpp(846,10): warning C4273: 'set_H20AlarmDDR': inconsistent dll linkage
       D:\git\repos\carmel_siryn\carmel_siryn\controlProtocol\controlProtocol_lib.h(311,41): message : see previous definition of 'set_H20AlarmDDR'
     1>D:\git\repos\carmel_siryn\carmel_siryn\controlProtocol\controlProtocol_lib.cpp(879,10): warning C4273: 'get_H20AlarmDDR': inconsistent dll linkage
       D:\git\repos\carmel_siryn\carmel_siryn\controlProtocol\controlProtocol_lib.h(321,41): message : see previous definition of 'get_H20AlarmDDR'
         dllmain.cpp
         Generating Code...
       Link:
         D:\Program Files\Microsoft Visual Studio\2022\Community\VC\Tools\MSVC\14.32.31326\bin\HostX86\x86\link.exe /ERRORREPORT:PROMPT /OUT:"D:\git\repos\carmel_siryn\carmel_siryn\controlProtocol\controlProtocol_lib\Debug\controlProtocol_lib.dll" /INCREMENTAL /ILK:"Debug\controlProtocol_lib.ilk" /NOLOGO ws2_32.lib crypt32.lib kernel32.lib user32.lib gdi32.lib winspool.lib comdlg32.lib advapi32.lib shell32.lib ole32.lib oleaut32.lib uuid.lib odbc32.lib odbccp32.lib kernel32.lib user32.lib gdi32.lib winspool.lib comdlg32.lib advapi32.lib shell32.lib ole32.lib oleaut32.lib uuid.lib odbc32.lib odbccp32.lib /MANIFEST /MANIFESTUAC:NO /manifest:embed /DEBUG /PDB:"D:\git\repos\carmel_siryn\carmel_siryn\controlProtocol\controlProtocol_lib\Debug\controlProtocol_lib.pdb" /SUBSYSTEM:WINDOWS /TLBID:1 /DYNAMICBASE /NXCOMPAT /IMPLIB:"D:\git\repos\carmel_siryn\carmel_siryn\controlProtocol\controlProtocol_lib\Debug\controlProtocol_lib.lib" /MACHINE:X86 /DLL Debug\controlProtocol.obj
         Debug\controlProtocol_lib.obj
         Debug\dllmain.obj
         Debug\pch.obj
            Creating library D:\git\repos\carmel_siryn\carmel_siryn\controlProtocol\controlProtocol_lib\Debug\controlProtocol_lib.lib and object D:\git\repos\carmel_siryn\carmel_siryn\controlProtocol\controlProtocol_lib\Debug\controlProtocol_lib.exp
         controlProtocol_lib.vcxproj -> D:\git\repos\carmel_siryn\carmel_siryn\controlProtocol\controlProtocol_lib\Debug\controlProtocol_lib.dll
       FinalizeBuildStatus:
         Deleting file "Debug\controlP.11f5bec0.tlog\unsuccessfulbuild".
         Touching "Debug\controlP.11f5bec0.tlog\controlProtocol_lib.lastbuildstate".
     1>Done Building Project "D:\git\repos\carmel_siryn\carmel_siryn\controlProtocol\controlProtocol_lib\controlProtocol_lib.vcxproj" (Build target(s)).

Build succeeded.

       "D:\git\repos\carmel_siryn\carmel_siryn\controlProtocol\controlProtocol_lib\controlProtocol_lib.vcxproj" (Build target) (1) ->
       (ClCompile target) -> 
         D:\git\repos\carmel_siryn\carmel_siryn\controlProtocol\controlProtocol.cpp(169,32): warning C4805: '==': unsafe mix of type 'bool' and type 'BOOL' in operation
         D:\git\repos\carmel_siryn\carmel_siryn\controlProtocol\controlProtocol.cpp(3317,35): warning C4244: '=': conversion from 'uint16_t' to 'uint8_t', possible loss of data
         D:\git\repos\carmel_siryn\carmel_siryn\controlProtocol\controlProtocol.cpp(3343,35): warning C4244: '=': conversion from 'uint16_t' to 'uint8_t', possible loss of data
         D:\git\repos\carmel_siryn\carmel_siryn\controlProtocol\controlProtocol.cpp(3383,35): warning C4244: '=': conversion from 'uint16_t' to 'uint8_t', possible loss of data
         D:\git\repos\carmel_siryn\carmel_siryn\controlProtocol\controlProtocol.cpp(3409,35): warning C4244: '=': conversion from 'uint16_t' to 'uint8_t', possible loss of data
         D:\git\repos\carmel_siryn\carmel_siryn\controlProtocol\controlProtocol.cpp(3448,35): warning C4244: '=': conversion from 'uint16_t' to 'uint8_t', possible loss of data
         D:\git\repos\carmel_siryn\carmel_siryn\controlProtocol\controlProtocol.cpp(3474,35): warning C4244: '=': conversion from 'uint16_t' to 'uint8_t', possible loss of data
         D:\git\repos\carmel_siryn\carmel_siryn\controlProtocol\controlProtocol.cpp(3517,35): warning C4244: '=': conversion from 'uint16_t' to 'uint8_t', possible loss of data
         D:\git\repos\carmel_siryn\carmel_siryn\controlProtocol\controlProtocol.cpp(3544,35): warning C4244: '=': conversion from 'uint16_t' to 'uint8_t', possible loss of data
         D:\git\repos\carmel_siryn\carmel_siryn\controlProtocol\controlProtocol.cpp(3588,35): warning C4244: '=': conversion from 'uint16_t' to 'uint8_t', possible loss of data
         D:\git\repos\carmel_siryn\carmel_siryn\controlProtocol\controlProtocol.cpp(3614,35): warning C4244: '=': conversion from 'uint16_t' to 'uint8_t', possible loss of data
         D:\git\repos\carmel_siryn\carmel_siryn\controlProtocol\controlProtocol.cpp(3650,35): warning C4244: '=': conversion from 'uint16_t' to 'uint8_t', possible loss of data
         D:\git\repos\carmel_siryn\carmel_siryn\controlProtocol\controlProtocol.cpp(3689,35): warning C4244: '=': conversion from 'uint16_t' to 'uint8_t', possible loss of data
         D:\git\repos\carmel_siryn\carmel_siryn\controlProtocol\controlProtocol.cpp(3740,35): warning C4244: '=': conversion from 'uint16_t' to 'uint8_t', possible loss of data
         D:\git\repos\carmel_siryn\carmel_siryn\controlProtocol\controlProtocol.cpp(3769,35): warning C4244: '=': conversion from 'uint16_t' to 'uint8_t', possible loss of data
         D:\git\repos\carmel_siryn\carmel_siryn\controlProtocol\controlProtocol.cpp(3809,35): warning C4244: '=': conversion from 'uint16_t' to 'uint8_t', possible loss of data
         D:\git\repos\carmel_siryn\carmel_siryn\controlProtocol\controlProtocol.cpp(3839,35): warning C4244: '=': conversion from 'uint16_t' to 'uint8_t', possible loss of data
         D:\git\repos\carmel_siryn\carmel_siryn\controlProtocol\controlProtocol.cpp(3875,35): warning C4244: '=': conversion from 'uint16_t' to 'uint8_t', possible loss of data
         D:\git\repos\carmel_siryn\carmel_siryn\controlProtocol\controlProtocol.cpp(3914,35): warning C4244: '=': conversion from 'uint16_t' to 'uint8_t', possible loss of data
         D:\git\repos\carmel_siryn\carmel_siryn\controlProtocol\controlProtocol.cpp(3952,35): warning C4244: '=': conversion from 'uint16_t' to 'uint8_t', possible loss of data
         D:\git\repos\carmel_siryn\carmel_siryn\controlProtocol\controlProtocol.cpp(3980,35): warning C4244: '=': conversion from 'uint16_t' to 'uint8_t', possible loss of data
         D:\git\repos\carmel_siryn\carmel_siryn\controlProtocol\controlProtocol.cpp(4044,35): warning C4244: '=': conversion from 'uint16_t' to 'uint8_t', possible loss of data
         D:\git\repos\carmel_siryn\carmel_siryn\controlProtocol\controlProtocol.cpp(4072,35): warning C4244: '=': conversion from 'uint16_t' to 'uint8_t', possible loss of data
         D:\git\repos\carmel_siryn\carmel_siryn\controlProtocol\controlProtocol.cpp(4136,35): warning C4244: '=': conversion from 'uint16_t' to 'uint8_t', possible loss of data
         D:\git\repos\carmel_siryn\carmel_siryn\controlProtocol\controlProtocol.cpp(4165,35): warning C4244: '=': conversion from 'uint16_t' to 'uint8_t', possible loss of data
         D:\git\repos\carmel_siryn\carmel_siryn\controlProtocol\controlProtocol.cpp(4214,35): warning C4244: '=': conversion from 'uint16_t' to 'uint8_t', possible loss of data
         D:\git\repos\carmel_siryn\carmel_siryn\controlProtocol\controlProtocol.cpp(4240,35): warning C4244: '=': conversion from 'uint16_t' to 'uint8_t', possible loss of data
         D:\git\repos\carmel_siryn\carmel_siryn\controlProtocol\controlProtocol.cpp(4277,35): warning C4244: '=': conversion from 'uint16_t' to 'uint8_t', possible loss of data
         D:\git\repos\carmel_siryn\carmel_siryn\controlProtocol\controlProtocol.cpp(4303,35): warning C4244: '=': conversion from 'uint16_t' to 'uint8_t', possible loss of data
         D:\git\repos\carmel_siryn\carmel_siryn\controlProtocol\controlProtocol.cpp(4354,35): warning C4244: '=': conversion from 'uint16_t' to 'uint8_t', possible loss of data
         D:\git\repos\carmel_siryn\carmel_siryn\controlProtocol\controlProtocol.cpp(4380,35): warning C4244: '=': conversion from 'uint16_t' to 'uint8_t', possible loss of data
         D:\git\repos\carmel_siryn\carmel_siryn\controlProtocol\controlProtocol.cpp(4418,35): warning C4244: '=': conversion from 'uint16_t' to 'uint8_t', possible loss of data
         D:\git\repos\carmel_siryn\carmel_siryn\controlProtocol\controlProtocol.cpp(4445,35): warning C4244: '=': conversion from 'uint16_t' to 'uint8_t', possible loss of data
         D:\git\repos\carmel_siryn\carmel_siryn\controlProtocol\controlProtocol.cpp(4506,35): warning C4244: '=': conversion from 'uint16_t' to 'uint8_t', possible loss of data
         D:\git\repos\carmel_siryn\carmel_siryn\controlProtocol\controlProtocol.cpp(4532,35): warning C4244: '=': conversion from 'uint16_t' to 'uint8_t', possible loss of data
         D:\git\repos\carmel_siryn\carmel_siryn\controlProtocol\controlProtocol.cpp(4572,35): warning C4244: '=': conversion from 'uint16_t' to 'uint8_t', possible loss of data
         D:\git\repos\carmel_siryn\carmel_siryn\controlProtocol\controlProtocol.cpp(4598,35): warning C4244: '=': conversion from 'uint16_t' to 'uint8_t', possible loss of data
         D:\git\repos\carmel_siryn\carmel_siryn\controlProtocol\controlProtocol.cpp(4657,35): warning C4244: '=': conversion from 'uint16_t' to 'uint8_t', possible loss of data
         D:\git\repos\carmel_siryn\carmel_siryn\controlProtocol\controlProtocol.cpp(4685,35): warning C4244: '=': conversion from 'uint16_t' to 'uint8_t', possible loss of data
         D:\git\repos\carmel_siryn\carmel_siryn\controlProtocol\controlProtocol.cpp(4722,35): warning C4244: '=': conversion from 'uint16_t' to 'uint8_t', possible loss of data
         D:\git\repos\carmel_siryn\carmel_siryn\controlProtocol\controlProtocol.cpp(4748,35): warning C4244: '=': conversion from 'uint16_t' to 'uint8_t', possible loss of data
         D:\git\repos\carmel_siryn\carmel_siryn\controlProtocol\controlProtocol.cpp(4784,35): warning C4244: '=': conversion from 'uint16_t' to 'uint8_t', possible loss of data
         D:\git\repos\carmel_siryn\carmel_siryn\controlProtocol\controlProtocol.cpp(4822,35): warning C4244: '=': conversion from 'uint16_t' to 'uint8_t', possible loss of data
         D:\git\repos\carmel_siryn\carmel_siryn\controlProtocol\controlProtocol.cpp(4858,35): warning C4244: '=': conversion from 'uint16_t' to 'uint8_t', possible loss of data
         D:\git\repos\carmel_siryn\carmel_siryn\controlProtocol\controlProtocol.cpp(4884,35): warning C4244: '=': conversion from 'uint16_t' to 'uint8_t', possible loss of data
         D:\git\repos\carmel_siryn\carmel_siryn\controlProtocol\controlProtocol.cpp(4944,35): warning C4244: '=': conversion from 'uint16_t' to 'uint8_t', possible loss of data
         D:\git\repos\carmel_siryn\carmel_siryn\controlProtocol\controlProtocol.cpp(4970,35): warning C4244: '=': conversion from 'uint16_t' to 'uint8_t', possible loss of data
         D:\git\repos\carmel_siryn\carmel_siryn\controlProtocol\controlProtocol.cpp(5030,35): warning C4244: '=': conversion from 'uint16_t' to 'uint8_t', possible loss of data
         D:\git\repos\carmel_siryn\carmel_siryn\controlProtocol\controlProtocol.cpp(5058,35): warning C4244: '=': conversion from 'uint16_t' to 'uint8_t', possible loss of data
         D:\git\repos\carmel_siryn\carmel_siryn\controlProtocol\controlProtocol.cpp(5103,35): warning C4244: '=': conversion from 'uint16_t' to 'uint8_t', possible loss of data
         D:\git\repos\carmel_siryn\carmel_siryn\controlProtocol\controlProtocol.cpp(5141,35): warning C4244: '=': conversion from 'uint16_t' to 'uint8_t', possible loss of data
         D:\git\repos\carmel_siryn\carmel_siryn\controlProtocol\controlProtocol.cpp(5177,35): warning C4244: '=': conversion from 'uint16_t' to 'uint8_t', possible loss of data
         D:\git\repos\carmel_siryn\carmel_siryn\controlProtocol\controlProtocol.cpp(5203,35): warning C4244: '=': conversion from 'uint16_t' to 'uint8_t', possible loss of data
         D:\git\repos\carmel_siryn\carmel_siryn\controlProtocol\controlProtocol.cpp(5262,35): warning C4244: '=': conversion from 'uint16_t' to 'uint8_t', possible loss of data
         D:\git\repos\carmel_siryn\carmel_siryn\controlProtocol\controlProtocol.cpp(5300,35): warning C4244: '=': conversion from 'uint16_t' to 'uint8_t', possible loss of data
         D:\git\repos\carmel_siryn\carmel_siryn\controlProtocol\controlProtocol.cpp(5336,35): warning C4244: '=': conversion from 'uint16_t' to 'uint8_t', possible loss of data
         D:\git\repos\carmel_siryn\carmel_siryn\controlProtocol\controlProtocol.cpp(5362,35): warning C4244: '=': conversion from 'uint16_t' to 'uint8_t', possible loss of data
         D:\git\repos\carmel_siryn\carmel_siryn\controlProtocol\controlProtocol.cpp(5423,35): warning C4244: '=': conversion from 'uint16_t' to 'uint8_t', possible loss of data
         D:\git\repos\carmel_siryn\carmel_siryn\controlProtocol\controlProtocol_lib.cpp(34,10): warning C4273: 'set_MyAddress': inconsistent dll linkage
         D:\git\repos\carmel_siryn\carmel_siryn\controlProtocol\controlProtocol_lib.cpp(41,10): warning C4273: 'set_PeerAddress': inconsistent dll linkage
         D:\git\repos\carmel_siryn\carmel_siryn\controlProtocol\controlProtocol_lib.cpp(48,10): warning C4273: 'set_UsbPort': inconsistent dll linkage
         D:\git\repos\carmel_siryn\carmel_siryn\controlProtocol\controlProtocol_lib.cpp(53,10): warning C4273: 'set_Speed': inconsistent dll linkage
         D:\git\repos\carmel_siryn\carmel_siryn\controlProtocol\controlProtocol_lib.cpp(60,10): warning C4273: 'showConnParams': inconsistent dll linkage
         D:\git\repos\carmel_siryn\carmel_siryn\controlProtocol\controlProtocol_lib.cpp(72,10): warning C4273: 'get_Status': inconsistent dll linkage
         D:\git\repos\carmel_siryn\carmel_siryn\controlProtocol\controlProtocol_lib.cpp(100,10): warning C4273: 'startUp': inconsistent dll linkage
         D:\git\repos\carmel_siryn\carmel_siryn\controlProtocol\controlProtocol_lib.cpp(128,10): warning C4273: 'startUpAT': inconsistent dll linkage
         D:\git\repos\carmel_siryn\carmel_siryn\controlProtocol\controlProtocol_lib.cpp(156,10): warning C4273: 'shutDown': inconsistent dll linkage
         D:\git\repos\carmel_siryn\carmel_siryn\controlProtocol\controlProtocol_lib.cpp(184,10): warning C4273: 'set_SVASIC': inconsistent dll linkage
         D:\git\repos\carmel_siryn\carmel_siryn\controlProtocol\controlProtocol_lib.cpp(211,10): warning C4273: 'get_SVASIC': inconsistent dll linkage
         D:\git\repos\carmel_siryn\carmel_siryn\controlProtocol\controlProtocol_lib.cpp(253,10): warning C4273: 'set_SVDDR': inconsistent dll linkage
         D:\git\repos\carmel_siryn\carmel_siryn\controlProtocol\controlProtocol_lib.cpp(280,10): warning C4273: 'get_SVDDR': inconsistent dll linkage
         D:\git\repos\carmel_siryn\carmel_siryn\controlProtocol\controlProtocol_lib.cpp(320,10): warning C4273: 'get_PVASIC': inconsistent dll linkage
         D:\git\repos\carmel_siryn\carmel_siryn\controlProtocol\controlProtocol_lib.cpp(360,10): warning C4273: 'get_PVDDR': inconsistent dll linkage
         D:\git\repos\carmel_siryn\carmel_siryn\controlProtocol\controlProtocol_lib.cpp(400,10): warning C4273: 'do_enableACUs': inconsistent dll linkage
         D:\git\repos\carmel_siryn\carmel_siryn\controlProtocol\controlProtocol_lib.cpp(433,10): warning C4273: 'do_disableACUs': inconsistent dll linkage
         D:\git\repos\carmel_siryn\carmel_siryn\controlProtocol\controlProtocol_lib.cpp(466,10): warning C4273: 'set_RTC': inconsistent dll linkage
         D:\git\repos\carmel_siryn\carmel_siryn\controlProtocol\controlProtocol_lib.cpp(499,10): warning C4273: 'get_RTC': inconsistent dll linkage
         D:\git\repos\carmel_siryn\carmel_siryn\controlProtocol\controlProtocol_lib.cpp(532,10): warning C4273: 'clr_EventLog': inconsistent dll linkage
         D:\git\repos\carmel_siryn\carmel_siryn\controlProtocol\controlProtocol_lib.cpp(569,10): warning C4273: 'get_EventLog': inconsistent dll linkage
         D:\git\repos\carmel_siryn\carmel_siryn\controlProtocol\controlProtocol_lib.cpp(780,10): warning C4273: 'set_H20AlarmASIC': inconsistent dll linkage
         D:\git\repos\carmel_siryn\carmel_siryn\controlProtocol\controlProtocol_lib.cpp(813,10): warning C4273: 'get_H20AlarmASIC': inconsistent dll linkage
         D:\git\repos\carmel_siryn\carmel_siryn\controlProtocol\controlProtocol_lib.cpp(846,10): warning C4273: 'set_H20AlarmDDR': inconsistent dll linkage
         D:\git\repos\carmel_siryn\carmel_siryn\controlProtocol\controlProtocol_lib.cpp(879,10): warning C4273: 'get_H20AlarmDDR': inconsistent dll linkage

    83 Warning(s)
    0 Error(s)

Time Elapsed 00:00:09.34
